#
# A fatal error has been detected by the Java Runtime Environment:
#
#  EXCEPTION_ACCESS_VIOLATION (0xc0000005) at pc=0x00000000064ab4c3, pid=7832, tid=0x0000000000002900
#
# JRE version: OpenJDK Runtime Environment (8.0_242-b01) (build 1.8.0_242-release-1644-b01)
# Java VM: OpenJDK 64-Bit Server VM (25.242-b01 mixed mode windows-amd64 compressed oops)
# Problematic frame:
# J 28537 C2 java.util.concurrent.ConcurrentHashMap.putVal(Ljava/lang/Object;Ljava/lang/Object;Z)Ljava/lang/Object; (362 bytes) @ 0x00000000064ab4c3 [0x00000000064ab320+0x1a3]
#
# Failed to write core dump. Minidumps are not enabled by default on client versions of Windows
#
# If you would like to submit a bug report, please visit:
#   
#

---------------  T H R E A D  ---------------

Current thread (0x000000001dd75800):  JavaThread "Daemon worker Thread 21" [_thread_in_Java, id=10496, stack(0x000000001cae0000,0x000000001cbe0000)]

siginfo: ExceptionCode=0xc0000005, reading address 0x000000000010000c

Registers:
RAX=0x0000000000000001, RBX=0x0000000000000002, RCX=0x00000000f1786ef8, RDX=0x0000000000100000
RSP=0x000000001cbdc420, RBP=0x0000000000011c9d, RSI=0x0000000000100000, RDI=0x0000000000000007
R8 =0x00000000ee0da7d0, R9 =0x0000000000000000, R10=0x00000000f1786ef8, R11=0x000000000000001d
R12=0x0000000000000000, R13=0x0000000000011cdd, R14=0x00000000ee0da7d0, R15=0x000000001dd75800
RIP=0x00000000064ab4c3, EFLAGS=0x0000000000010246

Top of Stack: (sp=0x000000001cbdc420)
0x000000001cbdc420:   00000000ed4621c8 f1aac9d8ed4621c8
0x000000001cbdc430:   0000000100032978 000000006992e20e
0x000000001cbdc440:   000000000076adb8 00000000eb5967c8
0x000000001cbdc450:   00000000800c6f68 f1aac9d8800c6f68
0x000000001cbdc460:   0000000100032978 000000000000002a
0x000000001cbdc470:   0000002a0000001a 00000001002d3e58
0x000000001cbdc480:   00000000f1aac9d8 000000010029edc8
0x000000001cbdc490:   00000000f1aac9f0 0000000004908bb8
0x000000001cbdc4a0:   00000001007681b8 00000000f1aac398
0x000000001cbdc4b0:   0000000000000001 000000001dd75800
0x000000001cbdc4c0:   00000000eb5967b0 00000000077194d4
0x000000001cbdc4d0:   00000000f1aac5f0 0000000005c8ef68
0x000000001cbdc4e0:   000000001cbdc530 0000000100603de8
0x000000001cbdc4f0:   00000000f1aaca78 00000005f1aac9f0
0x000000001cbdc500:   00000000f1aacaa0 00000000eb869cc0
0x000000001cbdc510:   00000000f1aac9f0 0000000100001610 

Instructions: (pc=0x00000000064ab4c3)
0x00000000064ab4a3:   3b fa 0f 85 f9 07 00 00 85 ed 0f 8c 04 08 00 00
0x00000000064ab4b3:   48 8b d1 bf 07 00 00 00 bb 01 00 00 00 48 8b f2
0x00000000064ab4c3:   8b 52 0c 41 3b d5 0f 85 cf 00 00 00 8b 6e 10 48
0x00000000064ab4d3:   8b d5 48 3b 54 24 60 0f 84 86 00 00 00 85 ed 0f 


Register to memory mapping:

RAX=0x0000000000000001 is an unknown value
RBX=0x0000000000000002 is an unknown value
RCX=0x00000000f1786ef8 is an oop
java.util.concurrent.ConcurrentHashMap$Node 
 - klass: 'java/util/concurrent/ConcurrentHashMap$Node'
RDX=0x0000000000100000 is an unknown value
RSP=0x000000001cbdc420 is pointing into the stack for thread: 0x000000001dd75800
RBP=0x0000000000011c9d is an unknown value
RSI=0x0000000000100000 is an unknown value
RDI=0x0000000000000007 is an unknown value
R8 =0x00000000ee0da7d0 is an oop
[Ljava.util.concurrent.ConcurrentHashMap$Node; 
 - klass: 'java/util/concurrent/ConcurrentHashMap$Node'[]
 - length: 32
R9 =0x0000000000000000 is an unknown value
R10=0x00000000f1786ef8 is an oop
java.util.concurrent.ConcurrentHashMap$Node 
 - klass: 'java/util/concurrent/ConcurrentHashMap$Node'
R11=0x000000000000001d is an unknown value
R12=0x0000000000000000 is an unknown value
R13=0x0000000000011cdd is an unknown value
R14=0x00000000ee0da7d0 is an oop
[Ljava.util.concurrent.ConcurrentHashMap$Node; 
 - klass: 'java/util/concurrent/ConcurrentHashMap$Node'[]
 - length: 32
R15=0x000000001dd75800 is a thread


Stack: [0x000000001cae0000,0x000000001cbe0000],  sp=0x000000001cbdc420,  free space=1009k
Native frames: (J=compiled Java code, j=interpreted, Vv=VM code, C=native code)
C  0x00000000064ab4c3


---------------  P R O C E S S  ---------------

Java Threads: ( => current thread )
  0x000000001ec27000 JavaThread "Cache worker for Java compile cache (C:\Android\AndroidStudioProjects\LatihanIntent\.gradle\6.1.1\javaCompile)" [_thread_blocked, id=7660, stack(0x000000002a810000,0x000000002a910000)]
  0x000000001ec1e000 JavaThread "Cache worker for execution history cache (C:\Android\AndroidStudioProjects\LatihanIntent\.gradle\6.1.1\executionHistory)" [_thread_blocked, id=12192, stack(0x0000000027f40000,0x0000000028040000)]
  0x000000001ec24000 JavaThread "Execution worker for ':' Thread 3" [_thread_blocked, id=10608, stack(0x00000000275a0000,0x00000000276a0000)]
  0x000000001ec1f800 JavaThread "Execution worker for ':' Thread 2" [_thread_blocked, id=9944, stack(0x00000000269d0000,0x0000000026ad0000)]
  0x000000001ec1c800 JavaThread "Execution worker for ':'" [_thread_in_vm, id=10020, stack(0x00000000262d0000,0x00000000263d0000)]
  0x000000001ec1b800 JavaThread "Cache worker for file content cache (C:\Android\AndroidStudioProjects\LatihanIntent\.gradle\6.1.1\fileContent)" [_thread_blocked, id=12012, stack(0x00000000260d0000,0x00000000261d0000)]
  0x000000001ec21000 JavaThread "Cache worker for Build Output Cleanup Cache (C:\Android\AndroidStudioProjects\LatihanIntent\.gradle\buildOutputCleanup)" [_thread_blocked, id=1096, stack(0x0000000025dd0000,0x0000000025ed0000)]
  0x000000001ec22800 JavaThread "pool-55-thread-1" [_thread_blocked, id=12956, stack(0x00000000251d0000,0x00000000252d0000)]
  0x000000001ec1e800 JavaThread "Build operations Thread 4" [_thread_blocked, id=9768, stack(0x0000000024cd0000,0x0000000024dd0000)]
  0x000000001ec1b000 JavaThread "Build operations Thread 3" [_thread_blocked, id=976, stack(0x0000000024420000,0x0000000024520000)]
  0x000000001ec1d000 JavaThread "Build operations Thread 2" [_thread_blocked, id=8036, stack(0x0000000023820000,0x0000000023920000)]
  0x000000001dd82000 JavaThread "Build operations" [_thread_blocked, id=10200, stack(0x0000000023520000,0x0000000023620000)]
  0x000000001dd80000 JavaThread "Cache worker for cache directory md-rule (C:\Users\AJAY OK\.gradle\caches\6.1.1\md-rule)" [_thread_blocked, id=7296, stack(0x0000000022e20000,0x0000000022f20000)]
  0x000000001dd81800 JavaThread "Cache worker for cache directory md-supplier (C:\Users\AJAY OK\.gradle\caches\6.1.1\md-supplier)" [_thread_blocked, id=2808, stack(0x0000000022d20000,0x0000000022e20000)]
  0x000000001dd78800 JavaThread "Cache worker for file hash cache (C:\Android\AndroidStudioProjects\LatihanIntent\.gradle\6.1.1\fileHashes)" [_thread_blocked, id=12904, stack(0x0000000020d20000,0x0000000020e20000)]
  0x000000001dd7a000 JavaThread "Cache worker for checksums cache (C:\Android\AndroidStudioProjects\LatihanIntent\.gradle\checksums)" [_thread_blocked, id=11256, stack(0x0000000020c20000,0x0000000020d20000)]
  0x000000001dd7f000 JavaThread "Thread-611" [_thread_blocked, id=12120, stack(0x000000001d4e0000,0x000000001d5e0000)]
  0x000000001dd76000 JavaThread "Stdin handler" [_thread_blocked, id=11276, stack(0x000000001cee0000,0x000000001cfe0000)]
  0x000000001dd7d000 JavaThread "Asynchronous log dispatcher for DefaultDaemonConnection: socket connection from /127.0.0.1:49877 to /127.0.0.1:52594" [_thread_blocked, id=11080, stack(0x000000001cbe0000,0x000000001cce0000)]
=>0x000000001dd75800 JavaThread "Daemon worker Thread 21" [_thread_in_Java, id=10496, stack(0x000000001cae0000,0x000000001cbe0000)]
  0x000000001dd7c000 JavaThread "Cancel handler" [_thread_blocked, id=7512, stack(0x000000001c7e0000,0x000000001c8e0000)]
  0x000000001dd74800 JavaThread "Handler for socket connection from /127.0.0.1:49877 to /127.0.0.1:52594" [_thread_in_native, id=8188, stack(0x000000001c6e0000,0x000000001c7e0000)]
  0x000000001dd74000 JavaThread "Daemon Thread 21" [_thread_blocked, id=6540, stack(0x0000000000e50000,0x0000000000f50000)]
  0x000000001b1ed000 JavaThread "MarlinRenderer Disposer" daemon [_thread_blocked, id=8388, stack(0x000000002c420000,0x000000002c520000)]
  0x000000001b1ea000 JavaThread "Java2D Disposer" daemon [_thread_blocked, id=11004, stack(0x000000002af10000,0x000000002b010000)]
  0x000000001b355800 JavaThread "Cache worker for Java compile cache (C:\Users\AJAY OK\.gradle\caches\6.1.1\javaCompile)" [_thread_blocked, id=7124, stack(0x00000000261d0000,0x00000000262d0000)]
  0x000000001b1e9800 JavaThread "Cache worker for file content cache (C:\Users\AJAY OK\.gradle\caches\6.1.1\fileContent)" [_thread_blocked, id=6772, stack(0x0000000024320000,0x0000000024420000)]
  0x000000001b1e8800 JavaThread "Memory manager" [_thread_blocked, id=6080, stack(0x00000000245d0000,0x00000000246d0000)]
  0x000000001b356800 JavaThread "Cache worker for execution history cache (C:\Users\AJAY OK\.gradle\caches\6.1.1\executionHistory)" [_thread_blocked, id=11172, stack(0x0000000020e20000,0x0000000020f20000)]
  0x000000001b354000 JavaThread "Cache worker for file hash cache (C:\Users\AJAY OK\.gradle\caches\6.1.1\fileHashes)" [_thread_blocked, id=8700, stack(0x000000001d3e0000,0x000000001d4e0000)]
  0x000000001b355000 JavaThread "File lock request listener" [_thread_in_native, id=9648, stack(0x000000001d2e0000,0x000000001d3e0000)]
  0x000000001b34c800 JavaThread "Cache worker for journal cache (C:\Users\AJAY OK\.gradle\caches\journal-1)" [_thread_blocked, id=7092, stack(0x000000001d1e0000,0x000000001d2e0000)]
  0x000000001b031800 JavaThread "Daemon periodic checks" [_thread_blocked, id=9196, stack(0x000000001c5e0000,0x000000001c6e0000)]
  0x000000001ae02800 JavaThread "Incoming local TCP Connector on port 49877" [_thread_in_native, id=9880, stack(0x000000001c3a0000,0x000000001c4a0000)]
  0x0000000019614000 JavaThread "Daemon health stats" [_thread_blocked, id=6396, stack(0x000000001bd60000,0x000000001be60000)]
  0x0000000018ff0800 JavaThread "Service Thread" daemon [_thread_blocked, id=5980, stack(0x00000000193c0000,0x00000000194c0000)]
  0x000000001767a000 JavaThread "C1 CompilerThread2" daemon [_thread_blocked, id=10048, stack(0x0000000018ec0000,0x0000000018fc0000)]
  0x0000000017668800 JavaThread "C2 CompilerThread1" daemon [_thread_blocked, id=10976, stack(0x0000000018dc0000,0x0000000018ec0000)]
  0x0000000017660800 JavaThread "C2 CompilerThread0" daemon [_thread_blocked, id=11136, stack(0x0000000018cc0000,0x0000000018dc0000)]
  0x0000000017666800 JavaThread "Attach Listener" daemon [_thread_blocked, id=5520, stack(0x0000000018bc0000,0x0000000018cc0000)]
  0x0000000017665000 JavaThread "Signal Dispatcher" daemon [_thread_blocked, id=6208, stack(0x0000000018ac0000,0x0000000018bc0000)]
  0x0000000002a3b000 JavaThread "Finalizer" daemon [_thread_blocked, id=10492, stack(0x00000000188c0000,0x00000000189c0000)]
  0x0000000017649000 JavaThread "Reference Handler" daemon [_thread_blocked, id=10040, stack(0x00000000187c0000,0x00000000188c0000)]
  0x000000000293e800 JavaThread "main" [_thread_blocked, id=6880, stack(0x0000000002790000,0x0000000002890000)]

Other Threads:
  0x0000000017626000 VMThread [stack: 0x00000000186c0000,0x00000000187c0000] [id=7868]
  0x00000000176bc000 WatcherThread [stack: 0x00000000194c0000,0x00000000195c0000] [id=9900]

VM state:synchronizing (normal execution)

VM Mutex/Monitor currently owned by a thread:  ([mutex/lock_event])
[0x000000000293d700] Safepoint_lock - owner thread: 0x0000000017626000
[0x000000000293cb00] Threads_lock - owner thread: 0x0000000017626000

heap address: 0x0000000080000000, size: 2048 MB, Compressed Oops mode: 32-bit
Narrow klass base: 0x0000000000000000, Narrow klass shift: 3
Compressed class space size: 1073741824 Address: 0x0000000100000000

Heap:
 PSYoungGen      total 631808K, used 508084K [0x00000000d5580000, 0x0000000100000000, 0x0000000100000000)
  eden space 590336K, 79% used [0x00000000d5580000,0x00000000f1d2f178,0x00000000f9600000)
  from space 41472K, 99% used [0x00000000fd780000,0x00000000ffffe1b0,0x0000000100000000)
  to   space 54272K, 0% used [0x00000000f9600000,0x00000000f9600000,0x00000000fcb00000)
 ParOldGen       total 167936K, used 100026K [0x0000000080000000, 0x000000008a400000, 0x00000000d5580000)
  object space 167936K, 59% used [0x0000000080000000,0x00000000861ae8e8,0x000000008a400000)
 Metaspace       used 116396K, capacity 124270K, committed 125352K, reserved 1159168K
  class space    used 14735K, capacity 16073K, committed 16304K, reserved 1048576K

Card table byte_map: [0x0000000011e00000,0x0000000012210000] byte_map_base: 0x0000000011a00000

Marking Bits: (ParMarkBitMap*) 0x0000000069f8f030
 Begin Bits: [0x00000000128c0000, 0x00000000148c0000)
 End Bits:   [0x00000000148c0000, 0x00000000168c0000)

Polling page: 0x0000000002890000

CodeCache: size=245760Kb used=82896Kb max_used=83286Kb free=162863Kb
 bounds [0x0000000002a40000, 0x0000000007c50000, 0x0000000011a40000]
 total_blobs=24609 nmethods=23543 adapters=976
 compilation: enabled

Compilation events (10 events):
Event: 32976.294 Thread 0x0000000017660800 nmethod 30999 0x00000000051a6b90 code [0x00000000051a6cc0, 0x00000000051a6d18]
Event: 32976.294 Thread 0x000000001767a000 nmethod 31000 0x00000000053a1b10 code [0x00000000053a1ca0, 0x00000000053a21c8]
Event: 32976.295 Thread 0x000000001767a000 31001       1       com.sun.tools.javac.tree.JCTree$JCExpressionStatement::getTag (4 bytes)
Event: 32976.295 Thread 0x000000001767a000 nmethod 31001 0x0000000005215d10 code [0x0000000005215e60, 0x0000000005215f70]
Event: 32976.306 Thread 0x000000001767a000 31002       3       org.gradle.execution.taskgraph.DefaultTaskExecutionGraph::ensurePopulated (67 bytes)
Event: 32976.307 Thread 0x000000001767a000 nmethod 31002 0x00000000052e7950 code [0x00000000052e7ae0, 0x00000000052e7e78]
Event: 32976.329 Thread 0x000000001767a000 31003       3       org.gradle.internal.execution.steps.SkipEmptyWorkStep$1::getOutcome (8 bytes)
Event: 32976.330 Thread 0x000000001767a000 nmethod 31003 0x0000000005454710 code [0x00000000054548a0, 0x0000000005454c30]
Event: 32976.361 Thread 0x0000000017660800 31004       4       org.gradle.internal.snapshot.AbstractCompleteFileSystemLocationSnapshot$PathCompressingSnapshotWrapper::getSnapshot (8 bytes)
Event: 32976.362 Thread 0x0000000017660800 nmethod 31004 0x00000000052e8cd0 code [0x00000000052e8e20, 0x00000000052e8ef8]

GC Heap History (10 events):
Event: 28297.257 GC heap before
{Heap before GC invocations=27 (full 5):
 PSYoungGen      total 658944K, used 6400K [0x00000000d5580000, 0x0000000100000000, 0x0000000100000000)
  eden space 618496K, 0% used [0x00000000d5580000,0x00000000d5580000,0x00000000fb180000)
  from space 40448K, 15% used [0x00000000fd880000,0x00000000fdec0010,0x0000000100000000)
  to   space 39936K, 0% used [0x00000000fb180000,0x00000000fb180000,0x00000000fd880000)
 ParOldGen       total 107008K, used 105962K [0x0000000080000000, 0x0000000086880000, 0x00000000d5580000)
  object space 107008K, 99% used [0x0000000080000000,0x000000008677aa98,0x0000000086880000)
 Metaspace       used 115856K, capacity 124206K, committed 124328K, reserved 1157120K
  class space    used 14814K, capacity 16215K, committed 16304K, reserved 1048576K
Event: 28300.707 GC heap after
Heap after GC invocations=27 (full 5):
 PSYoungGen      total 658944K, used 0K [0x00000000d5580000, 0x0000000100000000, 0x0000000100000000)
  eden space 618496K, 0% used [0x00000000d5580000,0x00000000d5580000,0x00000000fb180000)
  from space 40448K, 0% used [0x00000000fd880000,0x00000000fd880000,0x0000000100000000)
  to   space 39936K, 0% used [0x00000000fb180000,0x00000000fb180000,0x00000000fd880000)
 ParOldGen       total 167936K, used 78738K [0x0000000080000000, 0x000000008a400000, 0x00000000d5580000)
  object space 167936K, 46% used [0x0000000080000000,0x0000000084ce4930,0x000000008a400000)
 Metaspace       used 114655K, capacity 122050K, committed 124328K, reserved 1157120K
  class space    used 14600K, capacity 15809K, committed 16304K, reserved 1048576K
}
Event: 28302.767 GC heap before
{Heap before GC invocations=28 (full 5):
 PSYoungGen      total 658944K, used 618496K [0x00000000d5580000, 0x0000000100000000, 0x0000000100000000)
  eden space 618496K, 100% used [0x00000000d5580000,0x00000000fb180000,0x00000000fb180000)
  from space 40448K, 0% used [0x00000000fd880000,0x00000000fd880000,0x0000000100000000)
  to   space 39936K, 0% used [0x00000000fb180000,0x00000000fb180000,0x00000000fd880000)
 ParOldGen       total 167936K, used 78738K [0x0000000080000000, 0x000000008a400000, 0x00000000d5580000)
  object space 167936K, 46% used [0x0000000080000000,0x0000000084ce4930,0x000000008a400000)
 Metaspace       used 114760K, capacity 122146K, committed 124328K, reserved 1157120K
  class space    used 14605K, capacity 15811K, committed 16304K, reserved 1048576K
Event: 28302.787 GC heap after
Heap after GC invocations=28 (full 5):
 PSYoungGen      total 626176K, used 7363K [0x00000000d5580000, 0x00000000ffe80000, 0x0000000100000000)
  eden space 618496K, 0% used [0x00000000d5580000,0x00000000d5580000,0x00000000fb180000)
  from space 7680K, 95% used [0x00000000fb180000,0x00000000fb8b0eb8,0x00000000fb900000)
  to   space 39424K, 0% used [0x00000000fd800000,0x00000000fd800000,0x00000000ffe80000)
 ParOldGen       total 167936K, used 78738K [0x0000000080000000, 0x000000008a400000, 0x00000000d5580000)
  object space 167936K, 46% used [0x0000000080000000,0x0000000084ce4930,0x000000008a400000)
 Metaspace       used 114760K, capacity 122146K, committed 124328K, reserved 1157120K
  class space    used 14605K, capacity 15811K, committed 16304K, reserved 1048576K
}
Event: 28739.510 GC heap before
{Heap before GC invocations=29 (full 5):
 PSYoungGen      total 626176K, used 625859K [0x00000000d5580000, 0x00000000ffe80000, 0x0000000100000000)
  eden space 618496K, 100% used [0x00000000d5580000,0x00000000fb180000,0x00000000fb180000)
  from space 7680K, 95% used [0x00000000fb180000,0x00000000fb8b0eb8,0x00000000fb900000)
  to   space 39424K, 0% used [0x00000000fd800000,0x00000000fd800000,0x00000000ffe80000)
 ParOldGen       total 167936K, used 78738K [0x0000000080000000, 0x000000008a400000, 0x00000000d5580000)
  object space 167936K, 46% used [0x0000000080000000,0x0000000084ce4930,0x000000008a400000)
 Metaspace       used 115292K, capacity 122932K, committed 124328K, reserved 1157120K
  class space    used 14675K, capacity 15940K, committed 16304K, reserved 1048576K
Event: 28739.532 GC heap after
Heap after GC invocations=29 (full 5):
 PSYoungGen      total 659968K, used 13487K [0x00000000d5580000, 0x0000000100000000, 0x0000000100000000)
  eden space 620544K, 0% used [0x00000000d5580000,0x00000000d5580000,0x00000000fb380000)
  from space 39424K, 34% used [0x00000000fd800000,0x00000000fe52bd90,0x00000000ffe80000)
  to   space 37376K, 0% used [0x00000000fb380000,0x00000000fb380000,0x00000000fd800000)
 ParOldGen       total 167936K, used 82567K [0x0000000080000000, 0x000000008a400000, 0x00000000d5580000)
  object space 167936K, 49% used [0x0000000080000000,0x00000000850a1c78,0x000000008a400000)
 Metaspace       used 115292K, capacity 122932K, committed 124328K, reserved 1157120K
  class space    used 14675K, capacity 15940K, committed 16304K, reserved 1048576K
}
Event: 28913.916 GC heap before
{Heap before GC invocations=30 (full 5):
 PSYoungGen      total 659968K, used 634031K [0x00000000d5580000, 0x0000000100000000, 0x0000000100000000)
  eden space 620544K, 100% used [0x00000000d5580000,0x00000000fb380000,0x00000000fb380000)
  from space 39424K, 34% used [0x00000000fd800000,0x00000000fe52bd90,0x00000000ffe80000)
  to   space 37376K, 0% used [0x00000000fb380000,0x00000000fb380000,0x00000000fd800000)
 ParOldGen       total 167936K, used 82567K [0x0000000080000000, 0x000000008a400000, 0x00000000d5580000)
  object space 167936K, 49% used [0x0000000080000000,0x00000000850a1c78,0x000000008a400000)
 Metaspace       used 115971K, capacity 123758K, committed 124840K, reserved 1157120K
  class space    used 14716K, capacity 16043K, committed 16304K, reserved 1048576K
Event: 28913.964 GC heap after
Heap after GC invocations=30 (full 5):
 PSYoungGen      total 652800K, used 31841K [0x00000000d5580000, 0x0000000100000000, 0x0000000100000000)
  eden space 620544K, 0% used [0x00000000d5580000,0x00000000d5580000,0x00000000fb380000)
  from space 32256K, 98% used [0x00000000fb380000,0x00000000fd298678,0x00000000fd300000)
  to   space 41472K, 0% used [0x00000000fd780000,0x00000000fd780000,0x0000000100000000)
 ParOldGen       total 167936K, used 82575K [0x0000000080000000, 0x000000008a400000, 0x00000000d5580000)
  object space 167936K, 49% used [0x0000000080000000,0x00000000850a3c78,0x000000008a400000)
 Metaspace       used 115971K, capacity 123758K, committed 124840K, reserved 1157120K
  class space    used 14716K, capacity 16043K, committed 16304K, reserved 1048576K
}
Event: 29265.880 GC heap before
{Heap before GC invocations=31 (full 5):
 PSYoungGen      total 652800K, used 652385K [0x00000000d5580000, 0x0000000100000000, 0x0000000100000000)
  eden space 620544K, 100% used [0x00000000d5580000,0x00000000fb380000,0x00000000fb380000)
  from space 32256K, 98% used [0x00000000fb380000,0x00000000fd298678,0x00000000fd300000)
  to   space 41472K, 0% used [0x00000000fd780000,0x00000000fd780000,0x0000000100000000)
 ParOldGen       total 167936K, used 82575K [0x0000000080000000, 0x000000008a400000, 0x00000000d5580000)
  object space 167936K, 49% used [0x0000000080000000,0x00000000850a3c78,0x000000008a400000)
 Metaspace       used 116171K, capacity 123984K, committed 125096K, reserved 1159168K
  class space    used 14719K, capacity 16048K, committed 16304K, reserved 1048576K
Event: 29265.957 GC heap after
Heap after GC invocations=31 (full 5):
 PSYoungGen      total 631808K, used 41464K [0x00000000d5580000, 0x0000000100000000, 0x0000000100000000)
  eden space 590336K, 0% used [0x00000000d5580000,0x00000000d5580000,0x00000000f9600000)
  from space 41472K, 99% used [0x00000000fd780000,0x00000000ffffe1b0,0x0000000100000000)
  to   space 54272K, 0% used [0x00000000f9600000,0x00000000f9600000,0x00000000fcb00000)
 ParOldGen       total 167936K, used 100026K [0x0000000080000000, 0x000000008a400000, 0x00000000d5580000)
  object space 167936K, 59% used [0x0000000080000000,0x00000000861ae8e8,0x000000008a400000)
 Metaspace       used 116171K, capacity 123984K, committed 125096K, reserved 1159168K
  class space    used 14719K, capacity 16048K, committed 16304K, reserved 1048576K
}

Deoptimization events (10 events):
Event: 29265.365 Thread 0x000000001d9d4000 Uncommon trap: reason=array_check action=maybe_recompile pc=0x00000000056f4170 method=java.util.TimSort.mergeHi(IIII)V @ 171
Event: 29265.365 Thread 0x000000001d9d4000 Uncommon trap: reason=array_check action=maybe_recompile pc=0x00000000056f4170 method=java.util.TimSort.mergeHi(IIII)V @ 171
Event: 32854.283 Thread 0x000000001d9d7000 Uncommon trap: reason=bimorphic action=maybe_recompile pc=0x0000000006ef90d0 method=org.objectweb.asm.ClassReader.readCode(Lorg/objectweb/asm/MethodVisitor;Lorg/objectweb/asm/Context;I)V @ 3856
Event: 32854.292 Thread 0x000000001d9d7000 Uncommon trap: reason=class_check action=maybe_recompile pc=0x0000000002d2e82c method=com.google.common.collect.Iterables.isEmpty(Ljava/lang/Iterable;)Z @ 18
Event: 32854.426 Thread 0x000000001d9d7000 Uncommon trap: reason=unstable_if action=reinterpret pc=0x00000000076f9e00 method=com.sun.tools.javac.comp.Resolve.findInheritedMemberType(Lcom/sun/tools/javac/comp/Env;Lcom/sun/tools/javac/code/Type;Lcom/sun/tools/javac/util/Name;Lcom/sun/tools/javac/cod
Event: 32854.514 Thread 0x000000001d9d7000 Uncommon trap: reason=unstable_if action=reinterpret pc=0x00000000077b7ff8 method=com.sun.tools.javac.tree.TreeScanner.scan(Lcom/sun/tools/javac/util/List;)V @ 1
Event: 32855.223 Thread 0x000000001dd7c000 Uncommon trap: reason=unstable_if action=reinterpret pc=0x0000000007bad8c4 method=com.android.tools.r8.graph.K.computeEquals(Ljava/lang/Object;)Z @ 36
Event: 32975.895 Thread 0x000000001ec24000 Uncommon trap: reason=bimorphic action=maybe_recompile pc=0x0000000006ef90d0 method=org.objectweb.asm.ClassReader.readCode(Lorg/objectweb/asm/MethodVisitor;Lorg/objectweb/asm/Context;I)V @ 3856
Event: 32976.049 Thread 0x000000001ec24000 Uncommon trap: reason=array_check action=maybe_recompile pc=0x0000000006820b64 method=java.util.ComparableTimSort.mergeHi(IIII)V @ 171
Event: 32976.054 Thread 0x000000001ec24000 Uncommon trap: reason=array_check action=maybe_recompile pc=0x0000000006820b64 method=java.util.ComparableTimSort.mergeHi(IIII)V @ 171

Classes redefined (0 events):
No events

Internal exceptions (10 events):
Event: 32974.923 Thread 0x000000001dd75800 Exception <a 'sun/nio/fs/WindowsException'> (0x00000000ec2ccb40) thrown at [C:\src\AOSP-openjdk-git\hotspot\src\share\vm\prims\jni.cpp, line 710]
Event: 32975.859 Thread 0x000000001ec24000 Exception <a 'sun/nio/fs/WindowsException'> (0x00000000efbaff48) thrown at [C:\src\AOSP-openjdk-git\hotspot\src\share\vm\prims\jni.cpp, line 710]
Event: 32975.859 Thread 0x000000001ec24000 Exception <a 'sun/nio/fs/WindowsException'> (0x00000000efbb0ba0) thrown at [C:\src\AOSP-openjdk-git\hotspot\src\share\vm\prims\jni.cpp, line 710]
Event: 32975.859 Thread 0x000000001ec24000 Exception <a 'sun/nio/fs/WindowsException'> (0x00000000efbb1880) thrown at [C:\src\AOSP-openjdk-git\hotspot\src\share\vm\prims\jni.cpp, line 710]
Event: 32975.859 Thread 0x000000001ec24000 Exception <a 'sun/nio/fs/WindowsException'> (0x00000000efbb54c0) thrown at [C:\src\AOSP-openjdk-git\hotspot\src\share\vm\prims\jni.cpp, line 710]
Event: 32975.860 Thread 0x000000001ec24000 Exception <a 'sun/nio/fs/WindowsException'> (0x00000000efbb6158) thrown at [C:\src\AOSP-openjdk-git\hotspot\src\share\vm\prims\jni.cpp, line 710]
Event: 32975.860 Thread 0x000000001ec24000 Exception <a 'sun/nio/fs/WindowsException'> (0x00000000efbb6e78) thrown at [C:\src\AOSP-openjdk-git\hotspot\src\share\vm\prims\jni.cpp, line 710]
Event: 32975.860 Thread 0x000000001ec24000 Exception <a 'sun/nio/fs/WindowsException'> (0x00000000efbb8c68) thrown at [C:\src\AOSP-openjdk-git\hotspot\src\share\vm\prims\jni.cpp, line 710]
Event: 32975.860 Thread 0x000000001ec24000 Exception <a 'sun/nio/fs/WindowsException'> (0x00000000efbb9910) thrown at [C:\src\AOSP-openjdk-git\hotspot\src\share\vm\prims\jni.cpp, line 710]
Event: 32975.860 Thread 0x000000001ec24000 Exception <a 'sun/nio/fs/WindowsException'> (0x00000000efbba640) thrown at [C:\src\AOSP-openjdk-git\hotspot\src\share\vm\prims\jni.cpp, line 710]

Events (10 events):
Event: 32976.049 Thread 0x000000001ec24000 DEOPT UNPACKING pc=0x0000000002a8557b sp=0x000000002769ae28 mode 2
Event: 32976.049 Thread 0x000000001ec24000 DEOPT PACKING pc=0x00000000079d4917 sp=0x000000002769ae40
Event: 32976.049 Thread 0x000000001ec24000 DEOPT UNPACKING pc=0x0000000002a875d0 sp=0x000000002769aba8 mode 0
Event: 32976.050 Thread 0x000000001ec24000 DEOPT PACKING pc=0x00000000079d4917 sp=0x000000002769ae40
Event: 32976.050 Thread 0x000000001ec24000 DEOPT UNPACKING pc=0x0000000002a875d0 sp=0x000000002769aba8 mode 0
Event: 32976.051 Thread 0x000000001ec24000 DEOPT PACKING pc=0x00000000079d4917 sp=0x000000002769ae40
Event: 32976.051 Thread 0x000000001ec24000 DEOPT UNPACKING pc=0x0000000002a875d0 sp=0x000000002769aba8 mode 0
Event: 32976.054 Thread 0x000000001ec24000 Uncommon trap: trap_request=0xffffffd6 fr.pc=0x0000000006820b64
Event: 32976.054 Thread 0x000000001ec24000 DEOPT PACKING pc=0x0000000006820b64 sp=0x000000002769ae40
Event: 32976.054 Thread 0x000000001ec24000 DEOPT UNPACKING pc=0x0000000002a8557b sp=0x000000002769ae28 mode 2


Dynamic libraries:
0x00007ff782620000 - 0x00007ff782651000 	C:\Program Files\Android\Android Studio\jre\bin\java.exe
0x00007ffb7b230000 - 0x00007ffb7b425000 	C:\WINDOWS\SYSTEM32\ntdll.dll
0x00007ffb7ab20000 - 0x00007ffb7abdd000 	C:\WINDOWS\System32\KERNEL32.DLL
0x00007ffb78c60000 - 0x00007ffb78f27000 	C:\WINDOWS\System32\KERNELBASE.dll
0x00007ffb79850000 - 0x00007ffb798fa000 	C:\WINDOWS\System32\ADVAPI32.dll
0x00007ffb7a9a0000 - 0x00007ffb7aa3e000 	C:\WINDOWS\System32\msvcrt.dll
0x00007ffb79710000 - 0x00007ffb797ab000 	C:\WINDOWS\System32\sechost.dll
0x00007ffb7ae40000 - 0x00007ffb7af63000 	C:\WINDOWS\System32\RPCRT4.dll
0x00007ffb7afa0000 - 0x00007ffb7b140000 	C:\WINDOWS\System32\USER32.dll
0x00007ffb79270000 - 0x00007ffb79292000 	C:\WINDOWS\System32\win32u.dll
0x00007ffb79810000 - 0x00007ffb7983a000 	C:\WINDOWS\System32\GDI32.dll
0x00007ffb78fd0000 - 0x00007ffb790da000 	C:\WINDOWS\System32\gdi32full.dll
0x00007ffb78f30000 - 0x00007ffb78fcd000 	C:\WINDOWS\System32\msvcp_win.dll
0x00007ffb790e0000 - 0x00007ffb791e0000 	C:\WINDOWS\System32\ucrtbase.dll
0x00007ffb778c0000 - 0x00007ffb77b5a000 	C:\WINDOWS\WinSxS\amd64_microsoft.windows.common-controls_6595b64144ccf1df_6.0.19041.1_none_b555e41d4684ddec\COMCTL32.dll
0x00007ffb7af70000 - 0x00007ffb7afa0000 	C:\WINDOWS\System32\IMM32.DLL
0x0000000069600000 - 0x00000000696d2000 	C:\Program Files\Android\Android Studio\jre\jre\bin\msvcr100.dll
0x00000000697c0000 - 0x000000006a00b000 	C:\Program Files\Android\Android Studio\jre\jre\bin\server\jvm.dll
0x00007ffb7a0f0000 - 0x00007ffb7a0f8000 	C:\WINDOWS\System32\PSAPI.DLL
0x00007ffb63350000 - 0x00007ffb63359000 	C:\WINDOWS\SYSTEM32\WSOCK32.dll
0x00007ffb670c0000 - 0x00007ffb670e7000 	C:\WINDOWS\SYSTEM32\WINMM.dll
0x00007ffb7a5a0000 - 0x00007ffb7a60b000 	C:\WINDOWS\System32\WS2_32.dll
0x00007ffb72970000 - 0x00007ffb7297a000 	C:\WINDOWS\SYSTEM32\VERSION.dll
0x00007ffb6c2a0000 - 0x00007ffb6c2af000 	C:\Program Files\Android\Android Studio\jre\jre\bin\verify.dll
0x00007ffb5f5a0000 - 0x00007ffb5f5c9000 	C:\Program Files\Android\Android Studio\jre\jre\bin\java.dll
0x00007ffb53600000 - 0x00007ffb53616000 	C:\Program Files\Android\Android Studio\jre\jre\bin\zip.dll
0x00007ffb79900000 - 0x00007ffb7a040000 	C:\WINDOWS\System32\SHELL32.dll
0x00007ffb764d0000 - 0x00007ffb76c61000 	C:\WINDOWS\SYSTEM32\windows.storage.dll
0x00007ffb7a240000 - 0x00007ffb7a593000 	C:\WINDOWS\System32\combase.dll
0x00007ffb78060000 - 0x00007ffb7808c000 	C:\WINDOWS\SYSTEM32\Wldp.dll
0x00007ffb7a040000 - 0x00007ffb7a0ee000 	C:\WINDOWS\System32\SHCORE.dll
0x00007ffb7a790000 - 0x00007ffb7a7e5000 	C:\WINDOWS\System32\shlwapi.dll
0x00007ffb788c0000 - 0x00007ffb788df000 	C:\WINDOWS\SYSTEM32\profapi.dll
0x00007ffb535e0000 - 0x00007ffb535fa000 	C:\Program Files\Android\Android Studio\jre\jre\bin\net.dll
0x00007ffb77d50000 - 0x00007ffb77dba000 	C:\WINDOWS\system32\mswsock.dll
0x00007ffb535c0000 - 0x00007ffb535d3000 	C:\Program Files\Android\Android Studio\jre\jre\bin\nio.dll
0x00007ffb47170000 - 0x00007ffb47196000 	C:\Users\AJAY OK\.gradle\native\31\windows-amd64\native-platform.dll
0x00007ffb6c290000 - 0x00007ffb6c29d000 	C:\Program Files\Android\Android Studio\jre\jre\bin\management.dll
0x00007ffb783e0000 - 0x00007ffb783f8000 	C:\WINDOWS\SYSTEM32\CRYPTSP.dll
0x00007ffb77440000 - 0x00007ffb77474000 	C:\WINDOWS\system32\rsaenh.dll
0x00007ffb79240000 - 0x00007ffb79267000 	C:\WINDOWS\System32\bcrypt.dll
0x00007ffb78880000 - 0x00007ffb788ae000 	C:\WINDOWS\SYSTEM32\USERENV.dll
0x00007ffb78b30000 - 0x00007ffb78baf000 	C:\WINDOWS\System32\bcryptprimitives.dll
0x00007ffb77f20000 - 0x00007ffb77f2c000 	C:\WINDOWS\SYSTEM32\CRYPTBASE.dll
0x00007ffb777a0000 - 0x00007ffb777db000 	C:\WINDOWS\SYSTEM32\IPHLPAPI.DLL
0x00007ffb7a100000 - 0x00007ffb7a109000 	C:\WINDOWS\System32\NSI.dll
0x00007ffb71790000 - 0x00007ffb717a7000 	C:\WINDOWS\SYSTEM32\dhcpcsvc6.DLL
0x00007ffb6fb30000 - 0x00007ffb6fb4d000 	C:\WINDOWS\SYSTEM32\dhcpcsvc.DLL
0x00007ffb777e0000 - 0x00007ffb778aa000 	C:\WINDOWS\SYSTEM32\DNSAPI.dll
0x00007ffb46f90000 - 0x00007ffb46fb4000 	C:\Program Files\Android\Android Studio\jre\jre\bin\sunec.dll
0x00007ffb6e8c0000 - 0x00007ffb6e8ca000 	C:\Windows\System32\rasadhlp.dll
0x00007ffb6ee70000 - 0x00007ffb6eeef000 	C:\WINDOWS\System32\fwpuclnt.dll
0x00007ffb57560000 - 0x00007ffb5756b000 	C:\Program Files\Android\Android Studio\jre\jre\bin\sunmscapi.dll
0x00007ffb78980000 - 0x00007ffb78add000 	C:\WINDOWS\System32\CRYPT32.dll
0x00007ffb783a0000 - 0x00007ffb783d3000 	C:\WINDOWS\SYSTEM32\ntmarta.dll
0x00007ffb3dd00000 - 0x00007ffb3de9c000 	C:\Program Files\Android\Android Studio\jre\jre\bin\awt.dll
0x00007ffb7a610000 - 0x00007ffb7a6dd000 	C:\WINDOWS\System32\OLEAUT32.dll
0x00007ffb75a40000 - 0x00007ffb75a6f000 	C:\WINDOWS\SYSTEM32\dwmapi.dll
0x00007ffb58f30000 - 0x00007ffb594f0000 	C:\WINDOWS\SYSTEM32\d2d1.dll
0x00007ffb756e0000 - 0x00007ffb75770000 	C:\WINDOWS\SYSTEM32\apphelp.dll
0x00007ffb753d0000 - 0x00007ffb7546f000 	C:\WINDOWS\system32\uxtheme.dll
0x00007ffb78400000 - 0x00007ffb785e4000 	C:\WINDOWS\SYSTEM32\dbghelp.dll

VM Arguments:
jvm_args: -Xmx2048m -Dfile.encoding=windows-1252 -Duser.country=US -Duser.language=en -Duser.variant 
java_command: org.gradle.launcher.daemon.bootstrap.GradleDaemon 6.1.1
java_class_path (initial): C:\Users\AJAY OK\.gradle\wrapper\dists\gradle-6.1.1-all\cfmwm155h49vnt3hynmlrsdst\gradle-6.1.1\lib\gradle-launcher-6.1.1.jar
Launcher Type: SUN_STANDARD

Environment Variables:
PATH=C:\Program Files (x86)\Common Files\Oracle\Java\javapath;C:\Program Files (x86)\Common Files\Intel\Shared Files\cpp\bin\Intel64;C:\WINDOWS\system32;C:\WINDOWS;C:\WINDOWS\System32\Wbem;C:\WINDOWS\System32\WindowsPowerShell\v1.0\;C:\Program Files\Intel\WiFi\bin\;C:\Program Files\Common Files\Intel\WirelessCommon\;C:\WINDOWS\System32\OpenSSH\;C:\xampp\php;C:\ProgramData\ComposerSetup\bin;C:\Program Files\Git\cmd;C:\Users\AJAY OK\AppData\Local\Programs\Python\Python38-32\Scripts\;C:\Users\AJAY OK\AppData\Local\Programs\Python\Python38-32\;C:\Users\AJAY OK\AppData\Local\Microsoft\WindowsApps;;D:\program files\Microsoft VS Code\Microsoft VS Code\bin;C:\Users\AJAY OK\AppData\Roaming\Composer\vendor\bin
USERNAME=Me
OS=Windows_NT
PROCESSOR_IDENTIFIER=Intel64 Family 6 Model 58 Stepping 9, GenuineIntel



---------------  S Y S T E M  ---------------

OS: Windows 10.0 , 64 bit Build 19041 (10.0.19041.292)

CPU:total 4 (initial active 4) (4 cores per cpu, 1 threads per core) family 6 model 58 stepping 9, cmov, cx8, fxsr, mmx, sse, sse2, sse3, ssse3, sse4.1, sse4.2, popcnt, avx, aes, clmul, erms, tsc, tscinvbit, tscinv

Memory: 4k page, physical 8281464k(1320756k free), swap 16670072k(7595020k free)

vm_info: OpenJDK 64-Bit Server VM (25.242-b01) for windows-amd64 JRE (1.8.0_242-release-1644-b01), built by "builder" with MS VC++ 10.0 (VS2010)

time: Mon Aug 31 19:05:54 2020
timezone: SE Asia Standard Time
elapsed time: 32976 seconds (0d 9h 9m 36s)

